<?xml version="1.0" encoding="UTF-8"?>
<!-- Generated by org.testng.reporters.JUnitReportReporter -->
<testsuite hostname="WIN-3SLIV8F36LR" failures="0" tests="1" name="MainTest" time="0.032" errors="0" timestamp="2022-05-03T14:14:30 EEST" skipped="0">
  <testcase classname="MainTest" name="testAbbr" time="0.032"/>
  <system-out/>
</testsuite> <!-- MainTest -->
